This is pdfTeX, Version 3.14159265-2.6-1.40.18 (TeX Live 2017/Debian) (preloaded format=pdflatex 2020.8.6)  12 FEB 2021 16:15
entering extended mode
 restricted \write18 enabled.
 %&-line parsing enabled.
**appendix_A.tex
(./appendix_A.tex
LaTeX2e <2017-04-15>
Babel <3.18> and hyphenation patterns for 84 language(s) loaded.
(/usr/share/texlive/texmf-dist/tex/latex/base/article.cls
Document Class: article 2014/09/29 v1.4h Standard LaTeX document class
(/usr/share/texlive/texmf-dist/tex/latex/base/size10.clo
File: size10.clo 2014/09/29 v1.4h Standard LaTeX file (size option)
)
\c@part=\count79
\c@section=\count80
\c@subsection=\count81
\c@subsubsection=\count82
\c@paragraph=\count83
\c@subparagraph=\count84
\c@figure=\count85
\c@table=\count86
\abovecaptionskip=\skip41
\belowcaptionskip=\skip42
\bibindent=\dimen102
)
(/usr/share/texlive/texmf-dist/tex/latex/tools/longtable.sty
Package: longtable 2014/10/28 v4.11 Multi-page Table package (DPC)
\LTleft=\skip43
\LTright=\skip44
\LTpre=\skip45
\LTpost=\skip46
\LTchunksize=\count87
\LTcapwidth=\dimen103
\LT@head=\box26
\LT@firsthead=\box27
\LT@foot=\box28
\LT@lastfoot=\box29
\LT@cols=\count88
\LT@rows=\count89
\c@LT@tables=\count90
\c@LT@chunks=\count91
\LT@p@ftn=\toks14
)
(/usr/share/texlive/texmf-dist/tex/latex/xcolor/xcolor.sty
Package: xcolor 2016/05/11 v2.12 LaTeX color extensions (UK)

(/usr/share/texlive/texmf-dist/tex/latex/graphics-cfg/color.cfg
File: color.cfg 2016/01/02 v1.6 sample color configuration
)
Package xcolor Info: Driver file: pdftex.def on input line 225.

(/usr/share/texlive/texmf-dist/tex/latex/graphics-def/pdftex.def
File: pdftex.def 2018/01/08 v1.0l Graphics/color driver for pdftex
)
Package xcolor Info: Model `cmy' substituted by `cmy0' on input line 1348.
Package xcolor Info: Model `hsb' substituted by `rgb' on input line 1352.
Package xcolor Info: Model `RGB' extended on input line 1364.
Package xcolor Info: Model `HTML' substituted by `rgb' on input line 1366.
Package xcolor Info: Model `Hsb' substituted by `hsb' on input line 1367.
Package xcolor Info: Model `tHsb' substituted by `hsb' on input line 1368.
Package xcolor Info: Model `HSB' substituted by `hsb' on input line 1369.
Package xcolor Info: Model `Gray' substituted by `gray' on input line 1370.
Package xcolor Info: Model `wave' substituted by `hsb' on input line 1371.
)
(./appendix_A.aux)
\openout1 = `appendix_A.aux'.

LaTeX Font Info:    Checking defaults for OML/cmm/m/it on input line 13.
LaTeX Font Info:    ... okay on input line 13.
LaTeX Font Info:    Checking defaults for T1/cmr/m/n on input line 13.
LaTeX Font Info:    ... okay on input line 13.
LaTeX Font Info:    Checking defaults for OT1/cmr/m/n on input line 13.
LaTeX Font Info:    ... okay on input line 13.
LaTeX Font Info:    Checking defaults for OMS/cmsy/m/n on input line 13.
LaTeX Font Info:    ... okay on input line 13.
LaTeX Font Info:    Checking defaults for OMX/cmex/m/n on input line 13.
LaTeX Font Info:    ... okay on input line 13.
LaTeX Font Info:    Checking defaults for U/cmr/m/n on input line 13.
LaTeX Font Info:    ... okay on input line 13.

(/usr/share/texlive/texmf-dist/tex/context/base/mkii/supp-pdf.mkii
[Loading MPS to PDF converter (version 2006.09.02).]
\scratchcounter=\count92
\scratchdimen=\dimen104
\scratchbox=\box30
\nofMPsegments=\count93
\nofMParguments=\count94
\everyMPshowfont=\toks15
\MPscratchCnt=\count95
\MPscratchDim=\dimen105
\MPnumerator=\count96
\makeMPintoPDFobject=\count97
\everyMPtoPDFconversion=\toks16
)
LaTeX Font Info:    External font `cmex10' loaded for size
(Font)              <7> on input line 19.
LaTeX Font Info:    External font `cmex10' loaded for size
(Font)              <5> on input line 19.

Overfull \hbox (110.97318pt too wide) in alignment at lines 21--24
 [] [] [] [] [] [] [] [] 
 []


Overfull \hbox (110.97318pt too wide) in alignment at lines 24--45
 [] [] [] [] [] [] [] [] 
 []


Overfull \hbox (110.97318pt too wide) in alignment at lines 45--56
 [] [] [] [] [] [] [] [] 
 []


Overfull \hbox (132.33418pt too wide) in alignment at lines 59--62
 [] [] [] [] [] [] [] [] 
 []


Overfull \hbox (132.33418pt too wide) in alignment at lines 62--83
 [] [] [] [] [] [] [] [] 
 []

[1

{/var/lib/texmf/fonts/map/pdftex/updmap/pdftex.map}]
Overfull \hbox (132.33418pt too wide) in alignment at lines 83--102
 [] [] [] [] [] [] [] [] 
 []


Overfull \hbox (134.07297pt too wide) in alignment at lines 109--112
 [] [] [] [] [] [] [] [] 
 []


Overfull \hbox (134.07297pt too wide) in alignment at lines 112--133
 [] [] [] [] [] [] [] [] 
 []


Overfull \hbox (134.07297pt too wide) in alignment at lines 133--153
 [] [] [] [] [] [] [] [] 
 []

[2]
Overfull \hbox (134.07297pt too wide) in alignment at lines 153--173
 [] [] [] [] [] [] [] [] 
 []


Overfull \hbox (134.07297pt too wide) in alignment at lines 173--193
 [] [] [] [] [] [] [] [] 
 []

[3]
Overfull \hbox (134.07297pt too wide) in alignment at lines 193--213
 [] [] [] [] [] [] [] [] 
 []


Overfull \hbox (134.07297pt too wide) in alignment at lines 213--233
 [] [] [] [] [] [] [] [] 
 []

[4]
Overfull \hbox (134.07297pt too wide) in alignment at lines 233--253
 [] [] [] [] [] [] [] [] 
 []


Overfull \hbox (134.07297pt too wide) in alignment at lines 253--267
 [] [] [] [] [] [] [] [] 
 []

[5]
Overfull \hbox (169.28976pt too wide) in alignment at lines 271--274
 [] [] [] [] [] [] [] [] 
 []


Overfull \hbox (169.28976pt too wide) in alignment at lines 274--295
 [] [] [] [] [] [] [] [] 
 []


Overfull \hbox (169.28976pt too wide) in alignment at lines 295--315
 [] [] [] [] [] [] [] [] 
 []


Overfull \hbox (169.28976pt too wide) in alignment at lines 315--335
 [] [] [] [] [] [] [] [] 
 []

[6]
Overfull \hbox (169.28976pt too wide) in alignment at lines 335--355
 [] [] [] [] [] [] [] [] 
 []


Overfull \hbox (169.28976pt too wide) in alignment at lines 355--375
 [] [] [] [] [] [] [] [] 
 []

[7]
Overfull \hbox (169.28976pt too wide) in alignment at lines 375--395
 [] [] [] [] [] [] [] [] 
 []


Overfull \hbox (169.28976pt too wide) in alignment at lines 395--415
 [] [] [] [] [] [] [] [] 
 []

[8]
Overfull \hbox (169.28976pt too wide) in alignment at lines 415--425
 [] [] [] [] [] [] [] [] 
 []

[9] (./appendix_A.aux) ) 
Here is how much of TeX's memory you used:
 1248 strings out of 492982
 14839 string characters out of 6134897
 119934 words of memory out of 5000000
 4874 multiletter control sequences out of 15000+600000
 4852 words of font info for 18 fonts, out of 8000000 for 9000
 1141 hyphenation exceptions out of 8191
 23i,6n,35p,1008b,206s stack positions out of 5000i,500n,10000p,200000b,80000s
</usr/share/texlive/texmf-dist/fonts/type1/public/amsfo
nts/cm/cmbx10.pfb></usr/share/texlive/texmf-dist/fonts/type1/public/amsfonts/cm
/cmbx12.pfb></usr/share/texlive/texmf-dist/fonts/type1/public/amsfonts/cm/cmmi1
0.pfb></usr/share/texlive/texmf-dist/fonts/type1/public/amsfonts/cm/cmr10.pfb><
/usr/share/texlive/texmf-dist/fonts/type1/public/amsfonts/cm/cmsy10.pfb>
Output written on appendix_A.pdf (9 pages, 100257 bytes).
PDF statistics:
 54 PDF objects out of 1000 (max. 8388607)
 37 compressed objects within 1 object stream
 0 named destinations out of 1000 (max. 500000)
 1 words of extra memory for PDF output out of 10000 (max. 10000000)

