=================================================================
SPEX_calloc.c.gcov
=================================================================
SPEX_check_solution.c.gcov
=================================================================
SPEX_create_default_options.c.gcov
=================================================================
SPEX_cumsum.c.gcov
=================================================================
SPEX_determine_symmetry.c.gcov
    #####:   37:SPEX_info SPEX_determine_symmetry
    #####:   50:    SPEX_matrix *T = NULL, *R = NULL ;
    #####:   52:    SPEX_CHECK( SPEX_transpose(&T, A, option));
    #####:   55:    for (j = 0; j <= A->n; j++)
    #####:   57:        if (T->p[j] != A->p[j])
    #####:   60:            SPEX_FREE_ALL ;
    #####:   61:            return SPEX_UNSYMMETRIC;
    #####:   66:    SPEX_CHECK( SPEX_transpose(&R, T, option));
    #####:   70:    for (j = 0; j < R->nz; j++)
    #####:   72:        if (T->i[j] != R->i[j])
    #####:   75:            SPEX_FREE_ALL ;
    #####:   76:            return SPEX_UNSYMMETRIC;
    #####:   82:    if (check_if_numerically_symmetric)
    #####:   85:        for (j = 0; j < R->nz; j++)
    #####:   87:            SPEX_CHECK(SPEX_mpz_cmp(&r, R->x.mpz[j], T->x.mpz[j]));
    #####:   88:            if ( r != 0)
    #####:   91:                SPEX_FREE_ALL ;
    #####:   92:                return SPEX_UNSYMMETRIC;
    #####:   96:    SPEX_FREE_ALL ;
    #####:   97:    return SPEX_OK;
=================================================================
SPEX_finalize.c.gcov
=================================================================
SPEX_free.c.gcov
=================================================================
SPEX_gmp.c.gcov
    #####:  403:SPEX_info SPEX_gmp_printf
    #####:  410:    SPEX_GMP_WRAPPER_START ;
    #####:  414:    va_start (args, format) ;
    #####:  415:    int n = gmp_vprintf (format, args) ; 
    #####:  416:    va_end (args) ;
    #####:  419:    SPEX_GMP_WRAPPER_FINISH ;
    #####:  421:    return ((n < 0) ? SPEX_INCORRECT_INPUT : SPEX_OK) ;
    #####:  937:        SPEX_GMP_WRAPPER_FINISH ;
    #####:  938:        return SPEX_PANIC;
    #####:  965:        SPEX_GMP_WRAPPER_FINISH ;
    #####:  966:        return SPEX_PANIC;
    #####:  994:        SPEX_GMP_WRAPPER_FINISH ;
    #####:  995:        return SPEX_PANIC;
    #####: 1018:        SPEX_GMP_WRAPPER_FINISH ;
    #####: 1019:        return SPEX_PANIC;
    #####: 1442:SPEX_info SPEX_mpq_swap
    #####: 1448:    SPEX_GMP_WRAPPER_START ;
    #####: 1449:    mpq_swap (x, y) ;
    #####: 1450:    SPEX_GMP_WRAPPER_FINISH ;
    #####: 1451:    return (SPEX_OK) ;
    #####: 1594:SPEX_info SPEX_mpq_cmp_z
    #####: 1601:    SPEX_GMP_WRAPPER_START ;
    #####: 1602:    *r = mpq_cmp_z (x, y) ;
    #####: 1603:    SPEX_GMP_WRAPPER_FINISH ;
    #####: 1604:    return (SPEX_OK) ;
=================================================================
SPEX_initialize.c.gcov
=================================================================
SPEX_initialize_expert.c.gcov
=================================================================
SPEX_Left_LU_backslash.c.gcov
=================================================================
SPEX_Left_LU_factorize.c.gcov
=================================================================
SPEX_Left_LU_solve.c.gcov
=================================================================
SPEX_LU_analysis_free.c.gcov
=================================================================
SPEX_LU_analyze.c.gcov
=================================================================
SPEX_malloc.c.gcov
=================================================================
SPEX_matrix_allocate.c.gcov
=================================================================
SPEX_matrix_check.c.gcov
=================================================================
SPEX_matrix_copy.c.gcov
=================================================================
SPEX_matrix_div.c.gcov
=================================================================
SPEX_matrix_free.c.gcov
=================================================================
SPEX_matrix_mul.c.gcov
=================================================================
SPEX_matrix_nnz.c.gcov
=================================================================
SPEX_realloc.c.gcov
=================================================================
SPEX_transpose.c.gcov
=================================================================
SPEX_Update_Chol_Rank1.c.gcov
=================================================================
SPEX_Update_LU_ColRep.c.gcov
=================================================================
SPEX_Update_matrix_canonicalize.c.gcov
=================================================================
SPEX_Update_permute_row.c.gcov
=================================================================
SPEX_Update_Solve.c.gcov
=================================================================
SPEX_vector_allocate.c.gcov
=================================================================
SPEX_vector_free.c.gcov
=================================================================
SPEX_vector_realloc.c.gcov
=================================================================
spex_cast_array.c.gcov
=================================================================
spex_cast_matrix.c.gcov
=================================================================
spex_create_mpfr_array.c.gcov
=================================================================
spex_create_mpq_array.c.gcov
=================================================================
spex_create_mpz_array.c.gcov
=================================================================
spex_CSC_mpz_to_dynamic.c.gcov
=================================================================
spex_delete_mpz_array.c.gcov
=================================================================
spex_dynamic_to_CSC_mpz.c.gcov
=================================================================
spex_expand_double_array.c.gcov
=================================================================
spex_expand_mpfr_array.c.gcov
=================================================================
spex_expand_mpq_array.c.gcov
=================================================================
spex_left_lu_back_sub.c.gcov
=================================================================
spex_left_lu_dfs.c.gcov
=================================================================
spex_left_lu_forward_sub.c.gcov
=================================================================
spex_left_lu_get_largest_pivot.c.gcov
=================================================================
spex_left_lu_get_nonzero_pivot.c.gcov
=================================================================
spex_left_lu_get_pivot.c.gcov
=================================================================
spex_left_lu_get_smallest_pivot.c.gcov
=================================================================
spex_left_lu_permute_b.c.gcov
=================================================================
spex_left_lu_permute_x.c.gcov
=================================================================
spex_left_lu_reach.c.gcov
=================================================================
spex_left_lu_ref_triangular_solve.c.gcov
=================================================================
spex_sparse_collapse.c.gcov
=================================================================
spex_sparse_realloc.c.gcov
=================================================================
spex_update_backward_sub.c.gcov
=================================================================
spex_update_cppu.c.gcov
=================================================================
spex_update_dppu1.c.gcov
=================================================================
spex_update_dppu2.c.gcov
=================================================================
spex_update_finalize_and_insert_vk.c.gcov
=================================================================
spex_update_forward_sub.c.gcov
=================================================================
spex_update_get_scattered_v.c.gcov
=================================================================
spex_update_insert_new_entry.c.gcov
=================================================================
spex_update_ipge.c.gcov
=================================================================
spex_update_triangular_solve.c.gcov
=================================================================
spex_update_verify.c.gcov
=================================================================
spex_util_internal.h.gcov
=================================================================
